<?xml version="1.0" encoding="UTF-8"?>
<!-- Generated by org.testng.reporters.JUnitReportReporter -->
<testsuite skipped="0" hostname="LAPTOP-SOAEM10R" name="com.qaminds.facebook.IntroductionTest" tests="1" failures="0" timestamp="2019-12-07T12:59:40 CST" time="8.569" errors="0">
  <testcase name="validationTest" time="8.569" classname="com.qaminds.facebook.IntroductionTest"/>
</testsuite> <!-- com.qaminds.facebook.IntroductionTest -->
